<?xml version="1.0" encoding="UTF-8"?>
<testsuite name="ru.stqa.pft.addressbook.tests.GroupModificationTests" tests="2" skipped="1" failures="1" errors="0" timestamp="2019-11-26T06:07:33" hostname="alitsman" time="3.187">
  <properties/>
  <testcase name="setUp" classname="ru.stqa.pft.addressbook.tests.GroupModificationTests" time="3.134">
    <failure message="org.openqa.selenium.SessionNotCreatedException: session not created: No matching capabilities found&#10;Build info: version: '3.141.5', revision: 'd54ebd709a', time: '2018-11-06T11:58:47'&#10;System info: host: 'ALITSMAN', ip: '192.168.113.2', os.name: 'Windows 10', os.arch: 'amd64', os.version: '10.0', java.version: '1.8.0_231'&#10;Driver info: driver.version: unknown&#10;remote stacktrace: Backtrace:&#10;&#9;Ordinal0 [0x0035EB13+1501971]&#10;&#9;Ordinal0 [0x002DF6D1+980689]&#10;&#9;Ordinal0 [0x0026765F+489055]&#10;&#9;Ordinal0 [0x002191D9+168409]&#10;&#9;Ordinal0 [0x0021950E+169230]&#10;&#9;Ordinal0 [0x0021942D+169005]&#10;&#9;Ordinal0 [0x002178EB+162027]&#10;&#9;Ordinal0 [0x00200AC7+68295]&#10;&#9;Ordinal0 [0x00201B40+72512]&#10;&#9;Ordinal0 [0x00201AD9+72409]&#10;&#9;Ordinal0 [0x002F8F37+1085239]&#10;&#9;GetHandleVerifier [0x003FD7ED+503293]&#10;&#9;GetHandleVerifier [0x003FD580+502672]&#10;&#9;GetHandleVerifier [0x004046AC+531644]&#10;&#9;GetHandleVerifier [0x003FDFFA+505354]&#10;&#9;Ordinal0 [0x002F0606+1050118]&#10;&#9;Ordinal0 [0x002F047F+1049727]&#10;&#9;Ordinal0 [0x002FAF9B+1093531]&#10;&#9;Ordinal0 [0x002FB103+1093891]&#10;&#9;Ordinal0 [0x002FA095+1089685]&#10;&#9;BaseThreadInitThunk [0x77948494+36]&#10;&#9;RtlAreBitsSet [0x77CB41C8+136]&#10;&#9;RtlAreBitsSet [0x77CB4198+88]&#10;&#10;Build info: version: '4.0.0-alpha-2', revision: 'f148142cf8', time: '2019-07-01T20:55:26'&#10;System info: host: 'ALITSMAN', ip: '192.168.113.2', os.name: 'Windows 10', os.arch: 'amd64', os.version: '10.0', java.version: '1.8.0_191'&#10;Driver info: driver.version: RemoteWebDriver&#10;remote stacktrace: org.openqa.selenium.SessionNotCreatedException: session not created: No matching capabilities found&#10;Build info: version: '3.141.5', revision: 'd54ebd709a', time: '2018-11-06T11:58:47'&#10;System info: host: 'ALITSMAN', ip: '192.168.113.2', os.name: 'Windows 10', os.arch: 'amd64', os.version: '10.0', java.version: '1.8.0_231'&#10;Driver info: driver.version: unknown&#10;remote stacktrace: Backtrace:&#10;&#9;Ordinal0 [0x0035EB13+1501971]&#10;&#9;Ordinal0 [0x002DF6D1+980689]&#10;&#9;Ordinal0 [0x0026765F+489055]&#10;&#9;Ordinal0 [0x002191D9+168409]&#10;&#9;Ordinal0 [0x0021950E+169230]&#10;&#9;Ordinal0 [0x0021942D+169005]&#10;&#9;Ordinal0 [0x002178EB+162027]&#10;&#9;Ordinal0 [0x00200AC7+68295]&#10;&#9;Ordinal0 [0x00201B40+72512]&#10;&#9;Ordinal0 [0x00201AD9+72409]&#10;&#9;Ordinal0 [0x002F8F37+1085239]&#10;&#9;GetHandleVerifier [0x003FD7ED+503293]&#10;&#9;GetHandleVerifier [0x003FD580+502672]&#10;&#9;GetHandleVerifier [0x004046AC+531644]&#10;&#9;GetHandleVerifier [0x003FDFFA+505354]&#10;&#9;Ordinal0 [0x002F0606+1050118]&#10;&#9;Ordinal0 [0x002F047F+1049727]&#10;&#9;Ordinal0 [0x002FAF9B+1093531]&#10;&#9;Ordinal0 [0x002FB103+1093891]&#10;&#9;Ordinal0 [0x002FA095+1089685]&#10;&#9;BaseThreadInitThunk [0x77948494+36]&#10;&#9;RtlAreBitsSet [0x77CB41C8+136]&#10;&#9;RtlAreBitsSet [0x77CB4198+88]&#10;&#13;&#10;&#9;at sun.reflect.NativeConstructorAccessorImpl.newInstance0(Native Method)&#13;&#10;&#9;at sun.reflect.NativeConstructorAccessorImpl.newInstance(Unknown Source)&#13;&#10;&#9;at sun.reflect.DelegatingConstructorAccessorImpl.newInstance(Unknown Source)&#13;&#10;&#9;at java.lang.reflect.Constructor.newInstance(Unknown Source)&#13;&#10;&#9;at org.openqa.selenium.remote.W3CHandshakeResponse.lambda$errorHandler$0(W3CHandshakeResponse.java:62)&#13;&#10;&#9;at org.openqa.selenium.remote.HandshakeResponse.lambda$getResponseFunction$0(HandshakeResponse.java:30)&#13;&#10;&#9;at org.openqa.selenium.remote.ProtocolHandshake.lambda$createSession$0(ProtocolHandshake.java:123)&#13;&#10;&#9;at java.util.stream.ReferencePipeline$3$1.accept(Unknown Source)&#13;&#10;&#9;at java.util.Spliterators$ArraySpliterator.tryAdvance(Unknown Source)&#13;&#10;&#9;at java.util.stream.ReferencePipeline.forEachWithCancel(Unknown Source)&#13;&#10;&#9;at java.util.stream.AbstractPipeline.copyIntoWithCancel(Unknown Source)&#13;&#10;&#9;at java.util.stream.AbstractPipeline.copyInto(Unknown Source)&#13;&#10;&#9;at java.util.stream.AbstractPipeline.wrapAndCopyInto(Unknown Source)&#13;&#10;&#9;at java.util.stream.FindOps$FindOp.evaluateSequential(Unknown Source)&#13;&#10;&#9;at java.util.stream.AbstractPipeline.evaluate(Unknown Source)&#13;&#10;&#9;at java.util.stream.ReferencePipeline.findFirst(Unknown Source)&#13;&#10;&#9;at org.openqa.selenium.remote.ProtocolHandshake.createSession(ProtocolHandshake.java:125)&#13;&#10;&#9;at org.openqa.selenium.remote.ProtocolHandshake.createSession(ProtocolHandshake.java:74)&#13;&#10;&#9;at org.openqa.selenium.grid.session.remote.RemoteSession$Factory.performHandshake(RemoteSession.java:147)&#13;&#10;&#9;at org.openqa.selenium.grid.session.remote.ServicedSession$Factory.apply(ServicedSession.java:161)&#13;&#10;&#9;at org.openqa.selenium.remote.server.ActiveSessionFactory.lambda$apply$12(ActiveSessionFactory.java:180)&#13;&#10;&#9;at java.util.stream.ReferencePipeline$3$1.accept(Unknown Source)&#13;&#10;&#9;at java.util.stream.ReferencePipeline$11$1.accept(Unknown Source)&#13;&#10;&#9;at java.util.stream.ReferencePipeline$2$1.accept(Unknown Source)&#13;&#10;&#9;at java.util.Spliterators$ArraySpliterator.tryAdvance(Unknown Source)&#13;&#10;&#9;at java.util.stream.ReferencePipeline.forEachWithCancel(Unknown Source)&#13;&#10;&#9;at java.util.stream.AbstractPipeline.copyIntoWithCancel(Unknown Source)&#13;&#10;&#9;at java.util.stream.AbstractPipeline.copyInto(Unknown Source)&#13;&#10;&#9;at java.util.stream.AbstractPipeline.wrapAndCopyInto(Unknown Source)&#13;&#10;&#9;at java.util.stream.FindOps$FindOp.evaluateSequential(Unknown Source)&#13;&#10;&#9;at java.util.stream.AbstractPipeline.evaluate(Unknown Source)&#13;&#10;&#9;at java.util.stream.ReferencePipeline.findFirst(Unknown Source)&#13;&#10;&#9;at org.openqa.selenium.remote.server.ActiveSessionFactory.apply(ActiveSessionFactory.java:183)&#13;&#10;&#9;at org.openqa.selenium.remote.server.NewSessionPipeline.lambda$null$2(NewSessionPipeline.java:66)&#13;&#10;&#9;at java.util.stream.ReferencePipeline$3$1.accept(Unknown Source)&#13;&#10;&#9;at java.util.stream.ReferencePipeline$2$1.accept(Unknown Source)&#13;&#10;&#9;at java.util.Collections$2.tryAdvance(Unknown Source)&#13;&#10;&#9;at java.util.stream.ReferencePipeline.forEachWithCancel(Unknown Source)&#13;&#10;&#9;at java.util.stream.AbstractPipeline.copyIntoWithCancel(Unknown Source)&#13;&#10;&#9;at java.util.stream.AbstractPipeline.copyInto(Unknown Source)&#13;&#10;&#9;at java.util.stream.AbstractPipeline.wrapAndCopyInto(Unknown Source)&#13;&#10;&#9;at java.util.stream.FindOps$FindOp.evaluateSequential(Unknown Source)&#13;&#10;&#9;at java.util.stream.AbstractPipeline.evaluate(Unknown Source)&#13;&#10;&#9;at java.util.stream.ReferencePipeline.findFirst(Unknown Source)&#13;&#10;&#9;at org.openqa.selenium.remote.server.NewSessionPipeline.lambda$createNewSession$3(NewSessionPipeline.java:69)&#13;&#10;&#9;at java.util.stream.ReferencePipeline$3$1.accept(Unknown Source)&#13;&#10;&#9;at java.util.stream.ReferencePipeline$3$1.accept(Unknown Source)&#13;&#10;&#9;at java.util.stream.ReferencePipeline$3$1.accept(Unknown Source)&#13;&#10;&#9;at java.util.stream.DistinctOps$1$2.accept(Unknown Source)&#13;&#10;&#9;at java.util.stream.ReferencePipeline$2$1.accept(Unknown Source)&#13;&#10;&#9;at java.util.stream.ReferencePipeline$3$1.accept(Unknown Source)&#13;&#10;&#9;at java.util.stream.ReferencePipeline$2$1.accept(Unknown Source)&#13;&#10;&#9;at java.util.stream.Streams$StreamBuilderImpl.tryAdvance(Unknown Source)&#13;&#10;&#9;at java.util.stream.Streams$ConcatSpliterator.tryAdvance(Unknown Source)&#13;&#10;&#9;at java.util.stream.ReferencePipeline.forEachWithCancel(Unknown Source)&#13;&#10;&#9;at java.util.stream.AbstractPipeline.copyIntoWithCancel(Unknown Source)&#13;&#10;&#9;at java.util.stream.AbstractPipeline.copyInto(Unknown Source)&#13;&#10;&#9;at java.util.stream.AbstractPipeline.wrapAndCopyInto(Unknown Source)&#13;&#10;&#9;at java.util.stream.FindOps$FindOp.evaluateSequential(Unknown Source)&#13;&#10;&#9;at java.util.stream.AbstractPipeline.evaluate(Unknown Source)&#13;&#10;&#9;at java.util.stream.ReferencePipeline.findFirst(Unknown Source)&#13;&#10;&#9;at org.openqa.selenium.remote.server.NewSessionPipeline.createNewSession(NewSessionPipeline.java:72)&#13;&#10;&#9;at org.openqa.selenium.remote.server.commandhandler.BeginSession.execute(BeginSession.java:65)&#13;&#10;&#9;at org.openqa.selenium.remote.server.WebDriverServlet.lambda$handle$0(WebDriverServlet.java:235)&#13;&#10;&#9;at java.util.concurrent.Executors$RunnableAdapter.call(Unknown Source)&#13;&#10;&#9;at java.util.concurrent.FutureTask.run(Unknown Source)&#13;&#10;&#9;at java.util.concurrent.ThreadPoolExecutor.runWorker(Unknown Source)&#13;&#10;&#9;at java.util.concurrent.ThreadPoolExecutor$Worker.run(Unknown Source)&#13;&#10;&#9;at java.lang.Thread.run(Unknown Source)&#13;&#10;" type="org.openqa.selenium.SessionNotCreatedException">org.openqa.selenium.SessionNotCreatedException: session not created: No matching capabilities found
Build info: version: '3.141.5', revision: 'd54ebd709a', time: '2018-11-06T11:58:47'
System info: host: 'ALITSMAN', ip: '192.168.113.2', os.name: 'Windows 10', os.arch: 'amd64', os.version: '10.0', java.version: '1.8.0_231'
Driver info: driver.version: unknown
remote stacktrace: Backtrace:
	Ordinal0 [0x0035EB13+1501971]
	Ordinal0 [0x002DF6D1+980689]
	Ordinal0 [0x0026765F+489055]
	Ordinal0 [0x002191D9+168409]
	Ordinal0 [0x0021950E+169230]
	Ordinal0 [0x0021942D+169005]
	Ordinal0 [0x002178EB+162027]
	Ordinal0 [0x00200AC7+68295]
	Ordinal0 [0x00201B40+72512]
	Ordinal0 [0x00201AD9+72409]
	Ordinal0 [0x002F8F37+1085239]
	GetHandleVerifier [0x003FD7ED+503293]
	GetHandleVerifier [0x003FD580+502672]
	GetHandleVerifier [0x004046AC+531644]
	GetHandleVerifier [0x003FDFFA+505354]
	Ordinal0 [0x002F0606+1050118]
	Ordinal0 [0x002F047F+1049727]
	Ordinal0 [0x002FAF9B+1093531]
	Ordinal0 [0x002FB103+1093891]
	Ordinal0 [0x002FA095+1089685]
	BaseThreadInitThunk [0x77948494+36]
	RtlAreBitsSet [0x77CB41C8+136]
	RtlAreBitsSet [0x77CB4198+88]

Build info: version: '4.0.0-alpha-2', revision: 'f148142cf8', time: '2019-07-01T20:55:26'
System info: host: 'ALITSMAN', ip: '192.168.113.2', os.name: 'Windows 10', os.arch: 'amd64', os.version: '10.0', java.version: '1.8.0_191'
Driver info: driver.version: RemoteWebDriver
remote stacktrace: org.openqa.selenium.SessionNotCreatedException: session not created: No matching capabilities found
Build info: version: '3.141.5', revision: 'd54ebd709a', time: '2018-11-06T11:58:47'
System info: host: 'ALITSMAN', ip: '192.168.113.2', os.name: 'Windows 10', os.arch: 'amd64', os.version: '10.0', java.version: '1.8.0_231'
Driver info: driver.version: unknown
remote stacktrace: Backtrace:
	Ordinal0 [0x0035EB13+1501971]
	Ordinal0 [0x002DF6D1+980689]
	Ordinal0 [0x0026765F+489055]
	Ordinal0 [0x002191D9+168409]
	Ordinal0 [0x0021950E+169230]
	Ordinal0 [0x0021942D+169005]
	Ordinal0 [0x002178EB+162027]
	Ordinal0 [0x00200AC7+68295]
	Ordinal0 [0x00201B40+72512]
	Ordinal0 [0x00201AD9+72409]
	Ordinal0 [0x002F8F37+1085239]
	GetHandleVerifier [0x003FD7ED+503293]
	GetHandleVerifier [0x003FD580+502672]
	GetHandleVerifier [0x004046AC+531644]
	GetHandleVerifier [0x003FDFFA+505354]
	Ordinal0 [0x002F0606+1050118]
	Ordinal0 [0x002F047F+1049727]
	Ordinal0 [0x002FAF9B+1093531]
	Ordinal0 [0x002FB103+1093891]
	Ordinal0 [0x002FA095+1089685]
	BaseThreadInitThunk [0x77948494+36]
	RtlAreBitsSet [0x77CB41C8+136]
	RtlAreBitsSet [0x77CB4198+88]

	at sun.reflect.NativeConstructorAccessorImpl.newInstance0(Native Method)
	at sun.reflect.NativeConstructorAccessorImpl.newInstance(Unknown Source)
	at sun.reflect.DelegatingConstructorAccessorImpl.newInstance(Unknown Source)
	at java.lang.reflect.Constructor.newInstance(Unknown Source)
	at org.openqa.selenium.remote.W3CHandshakeResponse.lambda$errorHandler$0(W3CHandshakeResponse.java:62)
	at org.openqa.selenium.remote.HandshakeResponse.lambda$getResponseFunction$0(HandshakeResponse.java:30)
	at org.openqa.selenium.remote.ProtocolHandshake.lambda$createSession$0(ProtocolHandshake.java:123)
	at java.util.stream.ReferencePipeline$3$1.accept(Unknown Source)
	at java.util.Spliterators$ArraySpliterator.tryAdvance(Unknown Source)
	at java.util.stream.ReferencePipeline.forEachWithCancel(Unknown Source)
	at java.util.stream.AbstractPipeline.copyIntoWithCancel(Unknown Source)
	at java.util.stream.AbstractPipeline.copyInto(Unknown Source)
	at java.util.stream.AbstractPipeline.wrapAndCopyInto(Unknown Source)
	at java.util.stream.FindOps$FindOp.evaluateSequential(Unknown Source)
	at java.util.stream.AbstractPipeline.evaluate(Unknown Source)
	at java.util.stream.ReferencePipeline.findFirst(Unknown Source)
	at org.openqa.selenium.remote.ProtocolHandshake.createSession(ProtocolHandshake.java:125)
	at org.openqa.selenium.remote.ProtocolHandshake.createSession(ProtocolHandshake.java:74)
	at org.openqa.selenium.grid.session.remote.RemoteSession$Factory.performHandshake(RemoteSession.java:147)
	at org.openqa.selenium.grid.session.remote.ServicedSession$Factory.apply(ServicedSession.java:161)
	at org.openqa.selenium.remote.server.ActiveSessionFactory.lambda$apply$12(ActiveSessionFactory.java:180)
	at java.util.stream.ReferencePipeline$3$1.accept(Unknown Source)
	at java.util.stream.ReferencePipeline$11$1.accept(Unknown Source)
	at java.util.stream.ReferencePipeline$2$1.accept(Unknown Source)
	at java.util.Spliterators$ArraySpliterator.tryAdvance(Unknown Source)
	at java.util.stream.ReferencePipeline.forEachWithCancel(Unknown Source)
	at java.util.stream.AbstractPipeline.copyIntoWithCancel(Unknown Source)
	at java.util.stream.AbstractPipeline.copyInto(Unknown Source)
	at java.util.stream.AbstractPipeline.wrapAndCopyInto(Unknown Source)
	at java.util.stream.FindOps$FindOp.evaluateSequential(Unknown Source)
	at java.util.stream.AbstractPipeline.evaluate(Unknown Source)
	at java.util.stream.ReferencePipeline.findFirst(Unknown Source)
	at org.openqa.selenium.remote.server.ActiveSessionFactory.apply(ActiveSessionFactory.java:183)
	at org.openqa.selenium.remote.server.NewSessionPipeline.lambda$null$2(NewSessionPipeline.java:66)
	at java.util.stream.ReferencePipeline$3$1.accept(Unknown Source)
	at java.util.stream.ReferencePipeline$2$1.accept(Unknown Source)
	at java.util.Collections$2.tryAdvance(Unknown Source)
	at java.util.stream.ReferencePipeline.forEachWithCancel(Unknown Source)
	at java.util.stream.AbstractPipeline.copyIntoWithCancel(Unknown Source)
	at java.util.stream.AbstractPipeline.copyInto(Unknown Source)
	at java.util.stream.AbstractPipeline.wrapAndCopyInto(Unknown Source)
	at java.util.stream.FindOps$FindOp.evaluateSequential(Unknown Source)
	at java.util.stream.AbstractPipeline.evaluate(Unknown Source)
	at java.util.stream.ReferencePipeline.findFirst(Unknown Source)
	at org.openqa.selenium.remote.server.NewSessionPipeline.lambda$createNewSession$3(NewSessionPipeline.java:69)
	at java.util.stream.ReferencePipeline$3$1.accept(Unknown Source)
	at java.util.stream.ReferencePipeline$3$1.accept(Unknown Source)
	at java.util.stream.ReferencePipeline$3$1.accept(Unknown Source)
	at java.util.stream.DistinctOps$1$2.accept(Unknown Source)
	at java.util.stream.ReferencePipeline$2$1.accept(Unknown Source)
	at java.util.stream.ReferencePipeline$3$1.accept(Unknown Source)
	at java.util.stream.ReferencePipeline$2$1.accept(Unknown Source)
	at java.util.stream.Streams$StreamBuilderImpl.tryAdvance(Unknown Source)
	at java.util.stream.Streams$ConcatSpliterator.tryAdvance(Unknown Source)
	at java.util.stream.ReferencePipeline.forEachWithCancel(Unknown Source)
	at java.util.stream.AbstractPipeline.copyIntoWithCancel(Unknown Source)
	at java.util.stream.AbstractPipeline.copyInto(Unknown Source)
	at java.util.stream.AbstractPipeline.wrapAndCopyInto(Unknown Source)
	at java.util.stream.FindOps$FindOp.evaluateSequential(Unknown Source)
	at java.util.stream.AbstractPipeline.evaluate(Unknown Source)
	at java.util.stream.ReferencePipeline.findFirst(Unknown Source)
	at org.openqa.selenium.remote.server.NewSessionPipeline.createNewSession(NewSessionPipeline.java:72)
	at org.openqa.selenium.remote.server.commandhandler.BeginSession.execute(BeginSession.java:65)
	at org.openqa.selenium.remote.server.WebDriverServlet.lambda$handle$0(WebDriverServlet.java:235)
	at java.util.concurrent.Executors$RunnableAdapter.call(Unknown Source)
	at java.util.concurrent.FutureTask.run(Unknown Source)
	at java.util.concurrent.ThreadPoolExecutor.runWorker(Unknown Source)
	at java.util.concurrent.ThreadPoolExecutor$Worker.run(Unknown Source)
	at java.lang.Thread.run(Unknown Source)

	at sun.reflect.NativeConstructorAccessorImpl.newInstance0(Native Method)
	at sun.reflect.NativeConstructorAccessorImpl.newInstance(NativeConstructorAccessorImpl.java:62)
	at sun.reflect.DelegatingConstructorAccessorImpl.newInstance(DelegatingConstructorAccessorImpl.java:45)
	at java.lang.reflect.Constructor.newInstance(Constructor.java:423)
	at org.openqa.selenium.remote.W3CHandshakeResponse.lambda$errorHandler$0(W3CHandshakeResponse.java:62)
	at org.openqa.selenium.remote.HandshakeResponse.lambda$getResponseFunction$0(HandshakeResponse.java:30)
	at org.openqa.selenium.remote.ProtocolHandshake.lambda$createSession$1(ProtocolHandshake.java:127)
	at java.util.stream.ReferencePipeline$3$1.accept(ReferencePipeline.java:193)
	at java.util.Spliterators$ArraySpliterator.tryAdvance(Spliterators.java:958)
	at java.util.stream.ReferencePipeline.forEachWithCancel(ReferencePipeline.java:126)
	at java.util.stream.AbstractPipeline.copyIntoWithCancel(AbstractPipeline.java:498)
	at java.util.stream.AbstractPipeline.copyInto(AbstractPipeline.java:485)
	at java.util.stream.AbstractPipeline.wrapAndCopyInto(AbstractPipeline.java:471)
	at java.util.stream.FindOps$FindOp.evaluateSequential(FindOps.java:152)
	at java.util.stream.AbstractPipeline.evaluate(AbstractPipeline.java:234)
	at java.util.stream.ReferencePipeline.findFirst(ReferencePipeline.java:464)
	at org.openqa.selenium.remote.ProtocolHandshake.createSession(ProtocolHandshake.java:129)
	at org.openqa.selenium.remote.ProtocolHandshake.createSession(ProtocolHandshake.java:75)
	at org.openqa.selenium.remote.HttpCommandExecutor.execute(HttpCommandExecutor.java:139)
	at org.openqa.selenium.remote.RemoteWebDriver.execute(RemoteWebDriver.java:576)
	at org.openqa.selenium.remote.RemoteWebDriver.startSession(RemoteWebDriver.java:210)
	at org.openqa.selenium.remote.RemoteWebDriver.&lt;init&gt;(RemoteWebDriver.java:130)
	at org.openqa.selenium.remote.RemoteWebDriver.&lt;init&gt;(RemoteWebDriver.java:143)
	at ru.stqa.pft.addressbook.appmanager.ApplicationManager.init(ApplicationManager.java:55)
	at ru.stqa.pft.addressbook.tests.TestBase.setUp(TestBase.java:26)
	at sun.reflect.NativeMethodAccessorImpl.invoke0(Native Method)
	at sun.reflect.NativeMethodAccessorImpl.invoke(NativeMethodAccessorImpl.java:62)
	at sun.reflect.DelegatingMethodAccessorImpl.invoke(DelegatingMethodAccessorImpl.java:43)
	at java.lang.reflect.Method.invoke(Method.java:498)
	at org.testng.internal.MethodInvocationHelper.invokeMethod(MethodInvocationHelper.java:133)
	at org.testng.internal.MethodInvocationHelper.invokeMethodConsideringTimeout(MethodInvocationHelper.java:62)
	at org.testng.internal.ConfigInvoker.invokeConfigurationMethod(ConfigInvoker.java:340)
	at org.testng.internal.ConfigInvoker.invokeConfigurations(ConfigInvoker.java:294)
	at org.testng.SuiteRunner.privateRun(SuiteRunner.java:345)
	at org.testng.SuiteRunner.run(SuiteRunner.java:304)
	at org.testng.SuiteRunnerWorker.runSuite(SuiteRunnerWorker.java:53)
	at org.testng.SuiteRunnerWorker.run(SuiteRunnerWorker.java:96)
	at org.testng.TestNG.runSuitesSequentially(TestNG.java:1180)
	at org.testng.TestNG.runSuitesLocally(TestNG.java:1102)
	at org.testng.TestNG.runSuites(TestNG.java:1032)
	at org.testng.TestNG.run(TestNG.java:1000)
	at org.gradle.api.internal.tasks.testing.testng.TestNGTestClassProcessor.runTests(TestNGTestClassProcessor.java:141)
	at org.gradle.api.internal.tasks.testing.testng.TestNGTestClassProcessor.stop(TestNGTestClassProcessor.java:90)
	at org.gradle.api.internal.tasks.testing.SuiteTestClassProcessor.stop(SuiteTestClassProcessor.java:61)
	at sun.reflect.NativeMethodAccessorImpl.invoke0(Native Method)
	at sun.reflect.NativeMethodAccessorImpl.invoke(NativeMethodAccessorImpl.java:62)
	at sun.reflect.DelegatingMethodAccessorImpl.invoke(DelegatingMethodAccessorImpl.java:43)
	at java.lang.reflect.Method.invoke(Method.java:498)
	at org.gradle.internal.dispatch.ReflectionDispatch.dispatch(ReflectionDispatch.java:36)
	at org.gradle.internal.dispatch.ReflectionDispatch.dispatch(ReflectionDispatch.java:24)
	at org.gradle.internal.dispatch.ContextClassLoaderDispatch.dispatch(ContextClassLoaderDispatch.java:33)
	at org.gradle.internal.dispatch.ProxyDispatchAdapter$DispatchingInvocationHandler.invoke(ProxyDispatchAdapter.java:94)
	at com.sun.proxy.$Proxy2.stop(Unknown Source)
	at org.gradle.api.internal.tasks.testing.worker.TestWorker.stop(TestWorker.java:132)
	at sun.reflect.NativeMethodAccessorImpl.invoke0(Native Method)
	at sun.reflect.NativeMethodAccessorImpl.invoke(NativeMethodAccessorImpl.java:62)
	at sun.reflect.DelegatingMethodAccessorImpl.invoke(DelegatingMethodAccessorImpl.java:43)
	at java.lang.reflect.Method.invoke(Method.java:498)
	at org.gradle.internal.dispatch.ReflectionDispatch.dispatch(ReflectionDispatch.java:36)
	at org.gradle.internal.dispatch.ReflectionDispatch.dispatch(ReflectionDispatch.java:24)
	at org.gradle.internal.remote.internal.hub.MessageHubBackedObjectConnection$DispatchWrapper.dispatch(MessageHubBackedObjectConnection.java:182)
	at org.gradle.internal.remote.internal.hub.MessageHubBackedObjectConnection$DispatchWrapper.dispatch(MessageHubBackedObjectConnection.java:164)
	at org.gradle.internal.remote.internal.hub.MessageHub$Handler.run(MessageHub.java:412)
	at org.gradle.internal.concurrent.ExecutorPolicy$CatchAndRecordFailures.onExecute(ExecutorPolicy.java:64)
	at org.gradle.internal.concurrent.ManagedExecutorImpl$1.run(ManagedExecutorImpl.java:48)
	at java.util.concurrent.ThreadPoolExecutor.runWorker(ThreadPoolExecutor.java:1149)
	at java.util.concurrent.ThreadPoolExecutor$Worker.run(ThreadPoolExecutor.java:624)
	at org.gradle.internal.concurrent.ThreadFactoryImpl$ManagedThreadRunnable.run(ThreadFactoryImpl.java:56)
	at java.lang.Thread.run(Thread.java:748)
</failure>
  </testcase>
  <testcase name="testGroupModification" classname="ru.stqa.pft.addressbook.tests.GroupModificationTests" time="0.0">
    <skipped/>
  </testcase>
  <system-out><![CDATA[]]></system-out>
  <system-err><![CDATA[]]></system-err>
</testsuite>
