<?xml version="1.0" encoding="UTF-8"?>
<testsuite name="ru.stqa.pft.addressbook.tests.GroupModificationTests" tests="1" skipped="0" failures="0" errors="0" timestamp="2019-11-25T20:49:31" hostname="alitsman" time="0.972">
  <properties/>
  <testcase name="testGroupModification" classname="ru.stqa.pft.addressbook.tests.GroupModificationTests" time="0.972"/>
  <system-out><![CDATA[Hibernate: select groupdata0_.group_id as group_id1_2_, groupdata0_.group_footer as group_fo2_2_, groupdata0_.group_header as group_he3_2_, groupdata0_.group_name as group_na4_2_ from group_list groupdata0_
GroupData{id='220', name='Group for Item Removing', header='', footer=''}
GroupData{id='222', name='Edited group', header='edited header2', footer='edited footer2'}
GroupData{id='223', name='name 0', header='header 0', footer='footer 0'}
GroupData{id='224', name='name 1', header='header 1', footer='footer 1'}
GroupData{id='225', name='name 0', header='header 0', footer='footer 0'}
GroupData{id='226', name='name 1', header='header 1', footer='footer 1'}
GroupData{id='227', name='name 0', header='header 0', footer='footer 0'}
Hibernate: select groupdata0_.group_id as group_id1_2_, groupdata0_.group_footer as group_fo2_2_, groupdata0_.group_header as group_he3_2_, groupdata0_.group_name as group_na4_2_ from group_list groupdata0_
GroupData{id='220', name='Group for Item Removing', header='', footer=''}
GroupData{id='222', name='Edited group', header='edited header2', footer='edited footer2'}
GroupData{id='223', name='name 0', header='header 0', footer='footer 0'}
GroupData{id='224', name='name 1', header='header 1', footer='footer 1'}
GroupData{id='225', name='name 0', header='header 0', footer='footer 0'}
GroupData{id='226', name='name 1', header='header 1', footer='footer 1'}
GroupData{id='227', name='name 0', header='header 0', footer='footer 0'}
Hibernate: select groupdata0_.group_id as group_id1_2_, groupdata0_.group_footer as group_fo2_2_, groupdata0_.group_header as group_he3_2_, groupdata0_.group_name as group_na4_2_ from group_list groupdata0_
GroupData{id='220', name='Group for Item Removing', header='', footer=''}
GroupData{id='222', name='Edited group', header='edited header2', footer='edited footer2'}
GroupData{id='223', name='name 0', header='header 0', footer='footer 0'}
GroupData{id='224', name='name 1', header='header 1', footer='footer 1'}
GroupData{id='225', name='name 0', header='header 0', footer='footer 0'}
GroupData{id='226', name='name 1', header='header 1', footer='footer 1'}
GroupData{id='227', name='name 0', header='header 0', footer='footer 0'}
]]></system-out>
  <system-err><![CDATA[]]></system-err>
</testsuite>
