<?xml version="1.0" encoding="UTF-8"?>
<testsuite name="ru.stqa.pft.addressbook.UntitledTestCase" tests="1" skipped="0" failures="0" errors="0" timestamp="2019-09-13T14:51:10" hostname="alitsman" time="2.219">
  <properties/>
  <testcase name="testUntitledTestCase" classname="ru.stqa.pft.addressbook.UntitledTestCase" time="2.219"/>
  <system-out><![CDATA[]]></system-out>
  <system-err><![CDATA[1568386267251	mozrunner::runner	INFO	Running command: "C:\\Program Files (x86)\\Mozilla Firefox\\firefox.exe" "-marionette" "-foreground" "-no-remote" "-profile" "C:\\Users\\alitsman\\AppData\\Local\\Temp\\rust_mozprofile1aEbA6"
1568386267694	addons.webextension.screenshots@mozilla.org	WARN	Loading extension 'screenshots@mozilla.org': Reading manifest: Invalid extension permission: mozillaAddons
1568386267695	addons.webextension.screenshots@mozilla.org	WARN	Loading extension 'screenshots@mozilla.org': Reading manifest: Invalid extension permission: resource://pdf.js/
1568386267695	addons.webextension.screenshots@mozilla.org	WARN	Loading extension 'screenshots@mozilla.org': Reading manifest: Invalid extension permission: about:reader*
1568386269082	Marionette	INFO	Listening on port 1836
1568386269365	Marionette	WARN	TLS certificate errors will be ignored for this session
Sep 13, 2019 5:51:09 PM org.openqa.selenium.remote.ProtocolHandshake createSession
INFO: Detected dialect: W3C
]]></system-err>
</testsuite>
